<?xml version="1.0" encoding="UTF-8"?>
<testsuites>
  <testsuite name="/Users/zaid/codes/idn-area-laravel-12/phpunit.xml.dist" tests="173" assertions="425" errors="0" failures="0" skipped="0" time="1.741862">
    <testsuite name="zaidysf/IdnArea Test Suite" tests="173" assertions="425" errors="0" failures="0" skipped="0" time="1.741862">
      <testsuite name="Tests\ArchTest" file="tests/ArchTest.php" tests="7" assertions="18" errors="0" failures="0" skipped="0" time="0.474420">
        <testcase name="it will not use debugging functions" file="tests/ArchTest.php::it will not use debugging functions" class="Tests\ArchTest" classname="Tests.ArchTest" assertions="5" time="0.340720"/>
        <testcase name="models extend Illuminate\Database\Eloquent\Model" file="tests/ArchTest.php::models extend Illuminate\Database\Eloquent\Model" class="Tests\ArchTest" classname="Tests.ArchTest" assertions="1" time="0.023888"/>
        <testcase name="models are in Models namespace" file="tests/ArchTest.php::models are in Models namespace" class="Tests\ArchTest" classname="Tests.ArchTest" assertions="1" time="0.004089"/>
        <testcase name="services are in Services namespace" file="tests/ArchTest.php::services are in Services namespace" class="Tests\ArchTest" classname="Tests.ArchTest" assertions="1" time="0.031620"/>
        <testcase name="commands extend Illuminate\Console\Command" file="tests/ArchTest.php::commands extend Illuminate\Console\Command" class="Tests\ArchTest" classname="Tests.ArchTest" assertions="1" time="0.043266"/>
        <testcase name="facades extend Illuminate\Support\Facades\Facade" file="tests/ArchTest.php::facades extend Illuminate\Support\Facades\Facade" class="Tests\ArchTest" classname="Tests.ArchTest" assertions="1" time="0.004927"/>
        <testcase name="ensure no Laravel helpers are used in models" file="tests/ArchTest.php::ensure no Laravel helpers are used in models" class="Tests\ArchTest" classname="Tests.ArchTest" assertions="8" time="0.025910"/>
      </testsuite>
      <testsuite name="Tests\Architecture\GeneralTest" file="tests/Architecture/GeneralTest.php" tests="11" assertions="11" errors="0" failures="0" skipped="0" time="0.198347">
        <testcase name="it will not use debugging functions" file="tests/Architecture/GeneralTest.php::it will not use debugging functions" class="Tests\Architecture\GeneralTest" classname="Tests.Architecture.GeneralTest" assertions="1" time="0.033293"/>
        <testcase name="models should extend Eloquent" file="tests/Architecture/GeneralTest.php::models should extend Eloquent" class="Tests\Architecture\GeneralTest" classname="Tests.Architecture.GeneralTest" assertions="1" time="0.004119"/>
        <testcase name="commands should extend Command" file="tests/Architecture/GeneralTest.php::commands should extend Command" class="Tests\Architecture\GeneralTest" classname="Tests.Architecture.GeneralTest" assertions="1" time="0.003805"/>
        <testcase name="facades should extend Facade" file="tests/Architecture/GeneralTest.php::facades should extend Facade" class="Tests\Architecture\GeneralTest" classname="Tests.Architecture.GeneralTest" assertions="1" time="0.003481"/>
        <testcase name="service provider should extend PackageServiceProvider" file="tests/Architecture/GeneralTest.php::service provider should extend PackageServiceProvider" class="Tests\Architecture\GeneralTest" classname="Tests.Architecture.GeneralTest" assertions="1" time="0.005410"/>
        <testcase name="models should use factories" file="tests/Architecture/GeneralTest.php::models should use factories" class="Tests\Architecture\GeneralTest" classname="Tests.Architecture.GeneralTest" assertions="1" time="0.006790"/>
        <testcase name="it does not use env outside of config" file="tests/Architecture/GeneralTest.php::it does not use env outside of config" class="Tests\Architecture\GeneralTest" classname="Tests.Architecture.GeneralTest" assertions="1" time="0.004294"/>
        <testcase name="controllers should not have die or exit" file="tests/Architecture/GeneralTest.php::controllers should not have die or exit" class="Tests\Architecture\GeneralTest" classname="Tests.Architecture.GeneralTest" assertions="1" time="0.004880"/>
        <testcase name="it will not use compact() function" file="tests/Architecture/GeneralTest.php::it will not use compact() function" class="Tests\Architecture\GeneralTest" classname="Tests.Architecture.GeneralTest" assertions="1" time="0.004259"/>
        <testcase name="ensure no use of globals" file="tests/Architecture/GeneralTest.php::ensure no use of globals" class="Tests\Architecture\GeneralTest" classname="Tests.Architecture.GeneralTest" assertions="1" time="0.005634"/>
        <testcase name="classes should be final or abstract" file="tests/Architecture/GeneralTest.php::classes should be final or abstract" class="Tests\Architecture\GeneralTest" classname="Tests.Architecture.GeneralTest" assertions="1" time="0.122382"/>
      </testsuite>
      <testsuite name="Tests\CommandTest" file="tests/CommandTest.php" tests="4" assertions="6" errors="0" failures="0" skipped="0" time="0.279916">
        <testcase name="`IdnAreaCommand` → it can instantiate command" file="tests/CommandTest.php::`IdnAreaCommand` → it can instantiate command" class="Tests\CommandTest" classname="Tests.CommandTest" assertions="1" time="0.019094"/>
        <testcase name="`IdnAreaCommand` → it has correct signature and description" file="tests/CommandTest.php::`IdnAreaCommand` → it has correct signature and description" class="Tests\CommandTest" classname="Tests.CommandTest" assertions="3" time="0.004231"/>
        <testcase name="`IdnAreaCommand` → it command is registered" file="tests/CommandTest.php::`IdnAreaCommand` → it command is registered" class="Tests\CommandTest" classname="Tests.CommandTest" assertions="1" time="0.038758"/>
        <testcase name="`IdnAreaCommand` → it can run command without force option" file="tests/CommandTest.php::`IdnAreaCommand` → it can run command without force option" class="Tests\CommandTest" classname="Tests.CommandTest" assertions="1" time="0.217832"/>
      </testsuite>
      <testsuite name="Tests\ExampleTest" file="tests/ExampleTest.php" tests="3" assertions="10" errors="0" failures="0" skipped="0" time="0.012368">
        <testcase name="it package is properly configured" file="tests/ExampleTest.php::it package is properly configured" class="Tests\ExampleTest" classname="Tests.ExampleTest" assertions="2" time="0.005063"/>
        <testcase name="it config is published correctly" file="tests/ExampleTest.php::it config is published correctly" class="Tests\ExampleTest" classname="Tests.ExampleTest" assertions="4" time="0.003790"/>
        <testcase name="it database tables exist" file="tests/ExampleTest.php::it database tables exist" class="Tests\ExampleTest" classname="Tests.ExampleTest" assertions="4" time="0.003515"/>
      </testsuite>
      <testsuite name="Tests\FacadeTest" file="tests/FacadeTest.php" tests="7" assertions="19" errors="0" failures="0" skipped="0" time="0.035401">
        <testcase name="`IdnArea Facade` → it can get provinces via facade" file="tests/FacadeTest.php::`IdnArea Facade` → it can get provinces via facade" class="Tests\FacadeTest" classname="Tests.FacadeTest" assertions="2" time="0.009406"/>
        <testcase name="`IdnArea Facade` → it can get specific province via facade" file="tests/FacadeTest.php::`IdnArea Facade` → it can get specific province via facade" class="Tests\FacadeTest" classname="Tests.FacadeTest" assertions="2" time="0.004446"/>
        <testcase name="`IdnArea Facade` → it can get regencies by province via facade" file="tests/FacadeTest.php::`IdnArea Facade` → it can get regencies by province via facade" class="Tests\FacadeTest" classname="Tests.FacadeTest" assertions="2" time="0.004499"/>
        <testcase name="`IdnArea Facade` → it can search areas via facade" file="tests/FacadeTest.php::`IdnArea Facade` → it can search areas via facade" class="Tests\FacadeTest" classname="Tests.FacadeTest" assertions="3" time="0.004180"/>
        <testcase name="`IdnArea Facade` → it can get area statistics via facade" file="tests/FacadeTest.php::`IdnArea Facade` → it can get area statistics via facade" class="Tests\FacadeTest" classname="Tests.FacadeTest" assertions="2" time="0.005007"/>
        <testcase name="`IdnArea Facade` → it returns null for non-existent areas" file="tests/FacadeTest.php::`IdnArea Facade` → it returns null for non-existent areas" class="Tests\FacadeTest" classname="Tests.FacadeTest" assertions="4" time="0.003937"/>
        <testcase name="`IdnArea Facade` → it returns empty collections for non-existent parent areas" file="tests/FacadeTest.php::`IdnArea Facade` → it returns empty collections for non-existent parent areas" class="Tests\FacadeTest" classname="Tests.FacadeTest" assertions="4" time="0.003927"/>
      </testsuite>
      <testsuite name="Tests\FactoryTest" file="tests/FactoryTest.php" tests="12" assertions="44" errors="0" failures="0" skipped="0" time="0.056183">
        <testcase name="`Model Factories` → it can create province using factory" file="tests/FactoryTest.php::`Model Factories` → it can create province using factory" class="Tests\FactoryTest" classname="Tests.FactoryTest" assertions="4" time="0.015065"/>
        <testcase name="`Model Factories` → it can create province with specific states" file="tests/FactoryTest.php::`Model Factories` → it can create province with specific states" class="Tests\FactoryTest" classname="Tests.FactoryTest" assertions="4" time="0.003747"/>
        <testcase name="`Model Factories` → it can create regency using factory" file="tests/FactoryTest.php::`Model Factories` → it can create regency using factory" class="Tests\FactoryTest" classname="Tests.FactoryTest" assertions="5" time="0.003493"/>
        <testcase name="`Model Factories` → it can create regency for specific province" file="tests/FactoryTest.php::`Model Factories` → it can create regency for specific province" class="Tests\FactoryTest" classname="Tests.FactoryTest" assertions="2" time="0.003766"/>
        <testcase name="`Model Factories` → it can create regency with specific types" file="tests/FactoryTest.php::`Model Factories` → it can create regency with specific types" class="Tests\FactoryTest" classname="Tests.FactoryTest" assertions="2" time="0.003673"/>
        <testcase name="`Model Factories` → it can create district using factory" file="tests/FactoryTest.php::`Model Factories` → it can create district using factory" class="Tests\FactoryTest" classname="Tests.FactoryTest" assertions="5" time="0.003538"/>
        <testcase name="`Model Factories` → it can create district for specific regency" file="tests/FactoryTest.php::`Model Factories` → it can create district for specific regency" class="Tests\FactoryTest" classname="Tests.FactoryTest" assertions="2" time="0.003641"/>
        <testcase name="`Model Factories` → it can create village using factory" file="tests/FactoryTest.php::`Model Factories` → it can create village using factory" class="Tests\FactoryTest" classname="Tests.FactoryTest" assertions="5" time="0.003539"/>
        <testcase name="`Model Factories` → it can create village for specific district" file="tests/FactoryTest.php::`Model Factories` → it can create village for specific district" class="Tests\FactoryTest" classname="Tests.FactoryTest" assertions="2" time="0.003595"/>
        <testcase name="`Model Factories` → it can create complete hierarchy using factories" file="tests/FactoryTest.php::`Model Factories` → it can create complete hierarchy using factories" class="Tests\FactoryTest" classname="Tests.FactoryTest" assertions="7" time="0.004152"/>
        <testcase name="`Model Factories` → it can create multiple models using factories" file="tests/FactoryTest.php::`Model Factories` → it can create multiple models using factories" class="Tests\FactoryTest" classname="Tests.FactoryTest" assertions="2" time="0.004131"/>
        <testcase name="`Model Factories` → it can make models without persisting to database" file="tests/FactoryTest.php::`Model Factories` → it can make models without persisting to database" class="Tests\FactoryTest" classname="Tests.FactoryTest" assertions="4" time="0.003843"/>
      </testsuite>
      <testsuite name="Tests\Feature\SetupCommandTest" file="tests/Feature/SetupCommandTest.php" tests="7" assertions="10" errors="0" failures="0" skipped="0" time="0.081337">
        <testcase name="it can run setup command interactively" file="tests/Feature/SetupCommandTest.php::it can run setup command interactively" class="Tests\Feature\SetupCommandTest" classname="Tests.Feature.SetupCommandTest" assertions="3" time="0.027236"/>
        <testcase name="it can run setup command with local mode parameter" file="tests/Feature/SetupCommandTest.php::it can run setup command with local mode parameter" class="Tests\Feature\SetupCommandTest" classname="Tests.Feature.SetupCommandTest" assertions="1" time="0.009324"/>
        <testcase name="it can run setup command with api mode parameter" file="tests/Feature/SetupCommandTest.php::it can run setup command with api mode parameter" class="Tests\Feature\SetupCommandTest" classname="Tests.Feature.SetupCommandTest" assertions="1" time="0.009134"/>
        <testcase name="it validates invalid mode parameter" file="tests/Feature/SetupCommandTest.php::it validates invalid mode parameter" class="Tests\Feature\SetupCommandTest" classname="Tests.Feature.SetupCommandTest" assertions="1" time="0.005957"/>
        <testcase name="it skips setup when already configured without force" file="tests/Feature/SetupCommandTest.php::it skips setup when already configured without force" class="Tests\Feature\SetupCommandTest" classname="Tests.Feature.SetupCommandTest" assertions="2" time="0.005936"/>
        <testcase name="it can force reconfigure when already setup" file="tests/Feature/SetupCommandTest.php::it can force reconfigure when already setup" class="Tests\Feature\SetupCommandTest" classname="Tests.Feature.SetupCommandTest" assertions="1" time="0.009657"/>
        <testcase name="it handles non-interactive mode correctly" file="tests/Feature/SetupCommandTest.php::it handles non-interactive mode correctly" class="Tests\Feature\SetupCommandTest" classname="Tests.Feature.SetupCommandTest" assertions="1" time="0.014093"/>
      </testsuite>
      <testsuite name="Tests\Feature\SwitchModeCommandTest" file="tests/Feature/SwitchModeCommandTest.php" tests="10" assertions="14" errors="0" failures="0" skipped="0" time="0.045574">
        <testcase name="it can switch to api mode" file="tests/Feature/SwitchModeCommandTest.php::it can switch to api mode" class="Tests\Feature\SwitchModeCommandTest" classname="Tests.Feature.SwitchModeCommandTest" assertions="1" time="0.006873"/>
        <testcase name="it can switch to local mode" file="tests/Feature/SwitchModeCommandTest.php::it can switch to local mode" class="Tests\Feature\SwitchModeCommandTest" classname="Tests.Feature.SwitchModeCommandTest" assertions="1" time="0.003946"/>
        <testcase name="it validates invalid mode parameter" file="tests/Feature/SwitchModeCommandTest.php::it validates invalid mode parameter" class="Tests\Feature\SwitchModeCommandTest" classname="Tests.Feature.SwitchModeCommandTest" assertions="1" time="0.003893"/>
        <testcase name="it shows current mode when already in target mode" file="tests/Feature/SwitchModeCommandTest.php::it shows current mode when already in target mode" class="Tests\Feature\SwitchModeCommandTest" classname="Tests.Feature.SwitchModeCommandTest" assertions="2" time="0.004299"/>
        <testcase name="it can skip validation checks" file="tests/Feature/SwitchModeCommandTest.php::it can skip validation checks" class="Tests\Feature\SwitchModeCommandTest" classname="Tests.Feature.SwitchModeCommandTest" assertions="1" time="0.004544"/>
        <testcase name="it can skip migration step" file="tests/Feature/SwitchModeCommandTest.php::it can skip migration step" class="Tests\Feature\SwitchModeCommandTest" classname="Tests.Feature.SwitchModeCommandTest" assertions="1" time="0.003968"/>
        <testcase name="it can skip seeding step" file="tests/Feature/SwitchModeCommandTest.php::it can skip seeding step" class="Tests\Feature\SwitchModeCommandTest" classname="Tests.Feature.SwitchModeCommandTest" assertions="1" time="0.003904"/>
        <testcase name="it handles interactive mode selection" file="tests/Feature/SwitchModeCommandTest.php::it handles interactive mode selection" class="Tests\Feature\SwitchModeCommandTest" classname="Tests.Feature.SwitchModeCommandTest" assertions="4" time="0.005028"/>
        <testcase name="it validates prerequisites for api mode" file="tests/Feature/SwitchModeCommandTest.php::it validates prerequisites for api mode" class="Tests\Feature\SwitchModeCommandTest" classname="Tests.Feature.SwitchModeCommandTest" assertions="1" time="0.004945"/>
        <testcase name="it validates prerequisites for local mode" file="tests/Feature/SwitchModeCommandTest.php::it validates prerequisites for local mode" class="Tests\Feature\SwitchModeCommandTest" classname="Tests.Feature.SwitchModeCommandTest" assertions="1" time="0.004175"/>
      </testsuite>
      <testsuite name="Tests\IdnAreaTest" file="tests/IdnAreaTest.php" tests="12" assertions="44" errors="0" failures="0" skipped="0" time="0.044930">
        <testcase name="it can instantiate the main class" file="tests/IdnAreaTest.php::it can instantiate the main class" class="Tests\IdnAreaTest" classname="Tests.IdnAreaTest" assertions="1" time="0.005246"/>
        <testcase name="it can get empty provinces collection" file="tests/IdnAreaTest.php::it can get empty provinces collection" class="Tests\IdnAreaTest" classname="Tests.IdnAreaTest" assertions="2" time="0.003488"/>
        <testcase name="it can search areas with empty results" file="tests/IdnAreaTest.php::it can search areas with empty results" class="Tests\IdnAreaTest" classname="Tests.IdnAreaTest" assertions="5" time="0.003598"/>
        <testcase name="it can get statistics with zero counts" file="tests/IdnAreaTest.php::it can get statistics with zero counts" class="Tests\IdnAreaTest" classname="Tests.IdnAreaTest" assertions="7" time="0.003660"/>
        <testcase name="it province model has correct configuration" file="tests/IdnAreaTest.php::it province model has correct configuration" class="Tests\IdnAreaTest" classname="Tests.IdnAreaTest" assertions="4" time="0.003700"/>
        <testcase name="it regency model has correct configuration" file="tests/IdnAreaTest.php::it regency model has correct configuration" class="Tests\IdnAreaTest" classname="Tests.IdnAreaTest" assertions="4" time="0.003344"/>
        <testcase name="it district model has correct configuration" file="tests/IdnAreaTest.php::it district model has correct configuration" class="Tests\IdnAreaTest" classname="Tests.IdnAreaTest" assertions="4" time="0.003422"/>
        <testcase name="it village model has correct configuration" file="tests/IdnAreaTest.php::it village model has correct configuration" class="Tests\IdnAreaTest" classname="Tests.IdnAreaTest" assertions="4" time="0.003332"/>
        <testcase name="it can use facade" file="tests/IdnAreaTest.php::it can use facade" class="Tests\IdnAreaTest" classname="Tests.IdnAreaTest" assertions="1" time="0.003430"/>
        <testcase name="it can create and retrieve province" file="tests/IdnAreaTest.php::it can create and retrieve province" class="Tests\IdnAreaTest" classname="Tests.IdnAreaTest" assertions="5" time="0.003825"/>
        <testcase name="it can create regency with province relationship" file="tests/IdnAreaTest.php::it can create regency with province relationship" class="Tests\IdnAreaTest" classname="Tests.IdnAreaTest" assertions="4" time="0.003942"/>
        <testcase name="it can test search with sample data" file="tests/IdnAreaTest.php::it can test search with sample data" class="Tests\IdnAreaTest" classname="Tests.IdnAreaTest" assertions="3" time="0.003944"/>
      </testsuite>
      <testsuite name="Tests\RelationshipTest" file="tests/RelationshipTest.php" tests="8" assertions="16" errors="0" failures="0" skipped="0" time="0.039315">
        <testcase name="`Model Relationships` → it province has many regencies" file="tests/RelationshipTest.php::`Model Relationships` → it province has many regencies" class="Tests\RelationshipTest" classname="Tests.RelationshipTest" assertions="2" time="0.006565"/>
        <testcase name="`Model Relationships` → it province has many districts through regencies" file="tests/RelationshipTest.php::`Model Relationships` → it province has many districts through regencies" class="Tests\RelationshipTest" classname="Tests.RelationshipTest" assertions="2" time="0.004437"/>
        <testcase name="`Model Relationships` → it regency belongs to province" file="tests/RelationshipTest.php::`Model Relationships` → it regency belongs to province" class="Tests\RelationshipTest" classname="Tests.RelationshipTest" assertions="2" time="0.004402"/>
        <testcase name="`Model Relationships` → it regency has many districts" file="tests/RelationshipTest.php::`Model Relationships` → it regency has many districts" class="Tests\RelationshipTest" classname="Tests.RelationshipTest" assertions="2" time="0.004588"/>
        <testcase name="`Model Relationships` → it district belongs to regency" file="tests/RelationshipTest.php::`Model Relationships` → it district belongs to regency" class="Tests\RelationshipTest" classname="Tests.RelationshipTest" assertions="2" time="0.005421"/>
        <testcase name="`Model Relationships` → it district has many villages" file="tests/RelationshipTest.php::`Model Relationships` → it district has many villages" class="Tests\RelationshipTest" classname="Tests.RelationshipTest" assertions="2" time="0.004531"/>
        <testcase name="`Model Relationships` → it village belongs to district" file="tests/RelationshipTest.php::`Model Relationships` → it village belongs to district" class="Tests\RelationshipTest" classname="Tests.RelationshipTest" assertions="2" time="0.004242"/>
        <testcase name="`Model Relationships` → it village has regency through district" file="tests/RelationshipTest.php::`Model Relationships` → it village has regency through district" class="Tests\RelationshipTest" classname="Tests.RelationshipTest" assertions="2" time="0.005129"/>
      </testsuite>
      <testsuite name="Tests\SeederTest" file="tests/SeederTest.php" tests="5" assertions="14" errors="0" failures="0" skipped="0" time="0.019653">
        <testcase name="`IdnAreaSeeder` → it can instantiate seeder" file="tests/SeederTest.php::`IdnAreaSeeder` → it can instantiate seeder" class="Tests\SeederTest" classname="Tests.SeederTest" assertions="1" time="0.005974"/>
        <testcase name="`IdnAreaSeeder` → it has correct data path" file="tests/SeederTest.php::`IdnAreaSeeder` → it has correct data path" class="Tests\SeederTest" classname="Tests.SeederTest" assertions="1" time="0.003510"/>
        <testcase name="`IdnAreaSeeder` → it detects existing data correctly" file="tests/SeederTest.php::`IdnAreaSeeder` → it detects existing data correctly" class="Tests\SeederTest" classname="Tests.SeederTest" assertions="2" time="0.003713"/>
        <testcase name="`IdnAreaSeeder` → it can parse boolean values correctly" file="tests/SeederTest.php::`IdnAreaSeeder` → it can parse boolean values correctly" class="Tests\SeederTest" classname="Tests.SeederTest" assertions="8" time="0.003236"/>
        <testcase name="`IdnAreaSeeder` → it throws exception for missing CSV file" file="tests/SeederTest.php::`IdnAreaSeeder` → it throws exception for missing CSV file" class="Tests\SeederTest" classname="Tests.SeederTest" assertions="2" time="0.003221"/>
      </testsuite>
      <testsuite name="Tests\Unit\IdnAreaManagerTest" file="tests/Unit/IdnAreaManagerTest.php" tests="13" assertions="47" errors="0" failures="0" skipped="0" time="0.071905">
        <testcase name="it uses local service when in local mode" file="tests/Unit/IdnAreaManagerTest.php::it uses local service when in local mode" class="Tests\Unit\IdnAreaManagerTest" classname="Tests.Unit.IdnAreaManagerTest" assertions="3" time="0.005545"/>
        <testcase name="it uses API service when in API mode" file="tests/Unit/IdnAreaManagerTest.php::it uses API service when in API mode" class="Tests\Unit\IdnAreaManagerTest" classname="Tests.Unit.IdnAreaManagerTest" assertions="2" time="0.018471"/>
        <testcase name="it defaults to local mode when mode is not configured" file="tests/Unit/IdnAreaManagerTest.php::it defaults to local mode when mode is not configured" class="Tests\Unit\IdnAreaManagerTest" classname="Tests.Unit.IdnAreaManagerTest" assertions="3" time="0.004628"/>
        <testcase name="it can get regencies by province code in local mode" file="tests/Unit/IdnAreaManagerTest.php::it can get regencies by province code in local mode" class="Tests\Unit\IdnAreaManagerTest" classname="Tests.Unit.IdnAreaManagerTest" assertions="3" time="0.004493"/>
        <testcase name="it can get regencies by province code in API mode" file="tests/Unit/IdnAreaManagerTest.php::it can get regencies by province code in API mode" class="Tests\Unit\IdnAreaManagerTest" classname="Tests.Unit.IdnAreaManagerTest" assertions="2" time="0.004318"/>
        <testcase name="it can get districts by regency code in both modes" file="tests/Unit/IdnAreaManagerTest.php::it can get districts by regency code in both modes" class="Tests\Unit\IdnAreaManagerTest" classname="Tests.Unit.IdnAreaManagerTest" assertions="5" time="0.004418"/>
        <testcase name="it can get villages by district code in both modes" file="tests/Unit/IdnAreaManagerTest.php::it can get villages by district code in both modes" class="Tests\Unit\IdnAreaManagerTest" classname="Tests.Unit.IdnAreaManagerTest" assertions="5" time="0.004496"/>
        <testcase name="it can find by code in local mode" file="tests/Unit/IdnAreaManagerTest.php::it can find by code in local mode" class="Tests\Unit\IdnAreaManagerTest" classname="Tests.Unit.IdnAreaManagerTest" assertions="8" time="0.004393"/>
        <testcase name="it can search by name in local mode" file="tests/Unit/IdnAreaManagerTest.php::it can search by name in local mode" class="Tests\Unit\IdnAreaManagerTest" classname="Tests.Unit.IdnAreaManagerTest" assertions="8" time="0.004605"/>
        <testcase name="it handles configuration changes dynamically" file="tests/Unit/IdnAreaManagerTest.php::it handles configuration changes dynamically" class="Tests\Unit\IdnAreaManagerTest" classname="Tests.Unit.IdnAreaManagerTest" assertions="3" time="0.004459"/>
        <testcase name="it maintains service instances correctly" file="tests/Unit/IdnAreaManagerTest.php::it maintains service instances correctly" class="Tests\Unit\IdnAreaManagerTest" classname="Tests.Unit.IdnAreaManagerTest" assertions="1" time="0.004043"/>
        <testcase name="it can get current mode" file="tests/Unit/IdnAreaManagerTest.php::it can get current mode" class="Tests\Unit\IdnAreaManagerTest" classname="Tests.Unit.IdnAreaManagerTest" assertions="2" time="0.003859"/>
        <testcase name="it validates service availability" file="tests/Unit/IdnAreaManagerTest.php::it validates service availability" class="Tests\Unit\IdnAreaManagerTest" classname="Tests.Unit.IdnAreaManagerTest" assertions="2" time="0.004179"/>
      </testsuite>
      <testsuite name="Tests\Unit\IdnAreaTest" file="tests/Unit/IdnAreaTest.php" tests="15" assertions="47" errors="0" failures="0" skipped="0" time="0.065112">
        <testcase name="it can get all provinces" file="tests/Unit/IdnAreaTest.php::it can get all provinces" class="Tests\Unit\IdnAreaTest" classname="Tests.Unit.IdnAreaTest" assertions="3" time="0.006461"/>
        <testcase name="it can get a province by code" file="tests/Unit/IdnAreaTest.php::it can get a province by code" class="Tests\Unit\IdnAreaTest" classname="Tests.Unit.IdnAreaTest" assertions="3" time="0.003590"/>
        <testcase name="it returns null for non-existent province" file="tests/Unit/IdnAreaTest.php::it returns null for non-existent province" class="Tests\Unit\IdnAreaTest" classname="Tests.Unit.IdnAreaTest" assertions="1" time="0.003275"/>
        <testcase name="it can get regencies by province" file="tests/Unit/IdnAreaTest.php::it can get regencies by province" class="Tests\Unit\IdnAreaTest" classname="Tests.Unit.IdnAreaTest" assertions="3" time="0.004109"/>
        <testcase name="it can get districts by regency" file="tests/Unit/IdnAreaTest.php::it can get districts by regency" class="Tests\Unit\IdnAreaTest" classname="Tests.Unit.IdnAreaTest" assertions="3" time="0.004115"/>
        <testcase name="it can get all districts by regency" file="tests/Unit/IdnAreaTest.php::it can get all districts by regency" class="Tests\Unit\IdnAreaTest" classname="Tests.Unit.IdnAreaTest" assertions="1" time="0.004282"/>
        <testcase name="it can get villages by district" file="tests/Unit/IdnAreaTest.php::it can get villages by district" class="Tests\Unit\IdnAreaTest" classname="Tests.Unit.IdnAreaTest" assertions="3" time="0.004119"/>
        <testcase name="it can search areas" file="tests/Unit/IdnAreaTest.php::it can search areas" class="Tests\Unit\IdnAreaTest" classname="Tests.Unit.IdnAreaTest" assertions="3" time="0.004012"/>
        <testcase name="it can search with partial match" file="tests/Unit/IdnAreaTest.php::it can search with partial match" class="Tests\Unit\IdnAreaTest" classname="Tests.Unit.IdnAreaTest" assertions="2" time="0.004154"/>
        <testcase name="it can get hierarchy" file="tests/Unit/IdnAreaTest.php::it can get hierarchy" class="Tests\Unit\IdnAreaTest" classname="Tests.Unit.IdnAreaTest" assertions="5" time="0.004836"/>
        <testcase name="it can get statistics" file="tests/Unit/IdnAreaTest.php::it can get statistics" class="Tests\Unit\IdnAreaTest" classname="Tests.Unit.IdnAreaTest" assertions="9" time="0.005161"/>
        <testcase name="it can get multiple areas by codes" file="tests/Unit/IdnAreaTest.php::it can get multiple areas by codes" class="Tests\Unit\IdnAreaTest" classname="Tests.Unit.IdnAreaTest" assertions="3" time="0.004213"/>
        <testcase name="it can clear cache" file="tests/Unit/IdnAreaTest.php::it can clear cache" class="Tests\Unit\IdnAreaTest" classname="Tests.Unit.IdnAreaTest" assertions="1" time="0.004725"/>
        <testcase name="it handles empty search results gracefully" file="tests/Unit/IdnAreaTest.php::it handles empty search results gracefully" class="Tests\Unit\IdnAreaTest" classname="Tests.Unit.IdnAreaTest" assertions="5" time="0.004169"/>
        <testcase name="it returns empty array for non-existent province hierarchy" file="tests/Unit/IdnAreaTest.php::it returns empty array for non-existent province hierarchy" class="Tests\Unit\IdnAreaTest" classname="Tests.Unit.IdnAreaTest" assertions="2" time="0.003890"/>
      </testsuite>
      <testsuite name="Tests\Unit\LocalDataServiceTest" file="tests/Unit/LocalDataServiceTest.php" tests="18" assertions="45" errors="0" failures="0" skipped="0" time="0.115993">
        <testcase name="it can get all provinces" file="tests/Unit/LocalDataServiceTest.php::it can get all provinces" class="Tests\Unit\LocalDataServiceTest" classname="Tests.Unit.LocalDataServiceTest" assertions="5" time="0.011756"/>
        <testcase name="it can get regencies by province code" file="tests/Unit/LocalDataServiceTest.php::it can get regencies by province code" class="Tests\Unit\LocalDataServiceTest" classname="Tests.Unit.LocalDataServiceTest" assertions="3" time="0.004523"/>
        <testcase name="it can get districts by regency code" file="tests/Unit/LocalDataServiceTest.php::it can get districts by regency code" class="Tests\Unit\LocalDataServiceTest" classname="Tests.Unit.LocalDataServiceTest" assertions="3" time="0.004817"/>
        <testcase name="it can get villages by district code" file="tests/Unit/LocalDataServiceTest.php::it can get villages by district code" class="Tests\Unit\LocalDataServiceTest" classname="Tests.Unit.LocalDataServiceTest" assertions="3" time="0.004403"/>
        <testcase name="it returns empty array for non-existent province" file="tests/Unit/LocalDataServiceTest.php::it returns empty array for non-existent province" class="Tests\Unit\LocalDataServiceTest" classname="Tests.Unit.LocalDataServiceTest" assertions="2" time="0.004524"/>
        <testcase name="it can get province by code" file="tests/Unit/LocalDataServiceTest.php::it can get province by code" class="Tests\Unit\LocalDataServiceTest" classname="Tests.Unit.LocalDataServiceTest" assertions="2" time="0.007716"/>
        <testcase name="it can get regency by code" file="tests/Unit/LocalDataServiceTest.php::it can get regency by code" class="Tests\Unit\LocalDataServiceTest" classname="Tests.Unit.LocalDataServiceTest" assertions="2" time="0.007270"/>
        <testcase name="it can get district by code" file="tests/Unit/LocalDataServiceTest.php::it can get district by code" class="Tests\Unit\LocalDataServiceTest" classname="Tests.Unit.LocalDataServiceTest" assertions="2" time="0.004287"/>
        <testcase name="it can get village by code" file="tests/Unit/LocalDataServiceTest.php::it can get village by code" class="Tests\Unit\LocalDataServiceTest" classname="Tests.Unit.LocalDataServiceTest" assertions="2" time="0.004068"/>
        <testcase name="it returns null for non-existent codes" file="tests/Unit/LocalDataServiceTest.php::it returns null for non-existent codes" class="Tests\Unit\LocalDataServiceTest" classname="Tests.Unit.LocalDataServiceTest" assertions="4" time="0.004218"/>
        <testcase name="it can search provinces by name" file="tests/Unit/LocalDataServiceTest.php::it can search provinces by name" class="Tests\Unit\LocalDataServiceTest" classname="Tests.Unit.LocalDataServiceTest" assertions="2" time="0.004192"/>
        <testcase name="it can search regencies by name" file="tests/Unit/LocalDataServiceTest.php::it can search regencies by name" class="Tests\Unit\LocalDataServiceTest" classname="Tests.Unit.LocalDataServiceTest" assertions="2" time="0.004469"/>
        <testcase name="it can search districts by name" file="tests/Unit/LocalDataServiceTest.php::it can search districts by name" class="Tests\Unit\LocalDataServiceTest" classname="Tests.Unit.LocalDataServiceTest" assertions="2" time="0.012671"/>
        <testcase name="it can search villages by name" file="tests/Unit/LocalDataServiceTest.php::it can search villages by name" class="Tests\Unit\LocalDataServiceTest" classname="Tests.Unit.LocalDataServiceTest" assertions="2" time="0.005313"/>
        <testcase name="it handles case insensitive search" file="tests/Unit/LocalDataServiceTest.php::it handles case insensitive search" class="Tests\Unit\LocalDataServiceTest" classname="Tests.Unit.LocalDataServiceTest" assertions="2" time="0.004824"/>
        <testcase name="it handles partial name search" file="tests/Unit/LocalDataServiceTest.php::it handles partial name search" class="Tests\Unit\LocalDataServiceTest" classname="Tests.Unit.LocalDataServiceTest" assertions="2" time="0.006689"/>
        <testcase name="it returns paginated results when requested" file="tests/Unit/LocalDataServiceTest.php::it returns paginated results when requested" class="Tests\Unit\LocalDataServiceTest" classname="Tests.Unit.LocalDataServiceTest" assertions="1" time="0.013807"/>
        <testcase name="it can count total records" file="tests/Unit/LocalDataServiceTest.php::it can count total records" class="Tests\Unit\LocalDataServiceTest" classname="Tests.Unit.LocalDataServiceTest" assertions="4" time="0.006443"/>
      </testsuite>
      <testsuite name="Tests\Unit\Models\ProvinceTest" file="tests/Unit/Models/ProvinceTest.php" tests="13" assertions="28" errors="0" failures="0" skipped="0" time="0.062799">
        <testcase name="it can create a province" file="tests/Unit/Models/ProvinceTest.php::it can create a province" class="Tests\Unit\Models\ProvinceTest" classname="Tests.Unit.Models.ProvinceTest" assertions="3" time="0.008975"/>
        <testcase name="it has correct fillable attributes" file="tests/Unit/Models/ProvinceTest.php::it has correct fillable attributes" class="Tests\Unit\Models\ProvinceTest" classname="Tests.Unit.Models.ProvinceTest" assertions="1" time="0.005068"/>
        <testcase name="it has correct casts" file="tests/Unit/Models/ProvinceTest.php::it has correct casts" class="Tests\Unit\Models\ProvinceTest" classname="Tests.Unit.Models.ProvinceTest" assertions="8" time="0.005782"/>
        <testcase name="it uses code as primary key" file="tests/Unit/Models/ProvinceTest.php::it uses code as primary key" class="Tests\Unit\Models\ProvinceTest" classname="Tests.Unit.Models.ProvinceTest" assertions="3" time="0.003756"/>
        <testcase name="it can have regencies" file="tests/Unit/Models/ProvinceTest.php::it can have regencies" class="Tests\Unit\Models\ProvinceTest" classname="Tests.Unit.Models.ProvinceTest" assertions="2" time="0.004112"/>
        <testcase name="it can access districts through regencies" file="tests/Unit/Models/ProvinceTest.php::it can access districts through regencies" class="Tests\Unit\Models\ProvinceTest" classname="Tests.Unit.Models.ProvinceTest" assertions="2" time="0.005926"/>
        <testcase name="it can search provinces" file="tests/Unit/Models/ProvinceTest.php::it can search provinces" class="Tests\Unit\Models\ProvinceTest" classname="Tests.Unit.Models.ProvinceTest" assertions="2" time="0.004567"/>
        <testcase name="it can get provinces with regency count" file="tests/Unit/Models/ProvinceTest.php::it can get provinces with regency count" class="Tests\Unit\Models\ProvinceTest" classname="Tests.Unit.Models.ProvinceTest" assertions="1" time="0.005037"/>
        <testcase name="it has formatted name attribute" file="tests/Unit/Models/ProvinceTest.php::it has formatted name attribute" class="Tests\Unit\Models\ProvinceTest" classname="Tests.Unit.Models.ProvinceTest" assertions="1" time="0.003672"/>
        <testcase name="it can check if has regencies" file="tests/Unit/Models/ProvinceTest.php::it can check if has regencies" class="Tests\Unit\Models\ProvinceTest" classname="Tests.Unit.Models.ProvinceTest" assertions="2" time="0.004093"/>
        <testcase name="it can get total districts count" file="tests/Unit/Models/ProvinceTest.php::it can get total districts count" class="Tests\Unit\Models\ProvinceTest" classname="Tests.Unit.Models.ProvinceTest" assertions="1" time="0.003995"/>
        <testcase name="it can get total villages count" file="tests/Unit/Models/ProvinceTest.php::it can get total villages count" class="Tests\Unit\Models\ProvinceTest" classname="Tests.Unit.Models.ProvinceTest" assertions="1" time="0.004301"/>
        <testcase name="it uses code as route key" file="tests/Unit/Models/ProvinceTest.php::it uses code as route key" class="Tests\Unit\Models\ProvinceTest" classname="Tests.Unit.Models.ProvinceTest" assertions="1" time="0.003516"/>
      </testsuite>
      <testsuite name="Tests\Unit\ModelsTest" file="tests/Unit/ModelsTest.php" tests="28" assertions="52" errors="0" failures="0" skipped="0" time="0.138606">
        <testcase name="`Province Model` → it can create a province" file="tests/Unit/ModelsTest.php::`Province Model` → it can create a province" class="Tests\Unit\ModelsTest" classname="Tests.Unit.ModelsTest" assertions="2" time="0.006916"/>
        <testcase name="`Province Model` → it has regencies relationship" file="tests/Unit/ModelsTest.php::`Province Model` → it has regencies relationship" class="Tests\Unit\ModelsTest" classname="Tests.Unit.ModelsTest" assertions="2" time="0.004173"/>
        <testcase name="`Province Model` → it can search by name" file="tests/Unit/ModelsTest.php::`Province Model` → it can search by name" class="Tests\Unit\ModelsTest" classname="Tests.Unit.ModelsTest" assertions="2" time="0.003918"/>
        <testcase name="`Province Model` → it can find by code" file="tests/Unit/ModelsTest.php::`Province Model` → it can find by code" class="Tests\Unit\ModelsTest" classname="Tests.Unit.ModelsTest" assertions="2" time="0.004074"/>
        <testcase name="`Province Model` → it returns null for non-existent code" file="tests/Unit/ModelsTest.php::`Province Model` → it returns null for non-existent code" class="Tests\Unit\ModelsTest" classname="Tests.Unit.ModelsTest" assertions="1" time="0.003823"/>
        <testcase name="`Province Model` → it uses correct table name" file="tests/Unit/ModelsTest.php::`Province Model` → it uses correct table name" class="Tests\Unit\ModelsTest" classname="Tests.Unit.ModelsTest" assertions="1" time="0.003837"/>
        <testcase name="`Province Model` → it has fillable attributes" file="tests/Unit/ModelsTest.php::`Province Model` → it has fillable attributes" class="Tests\Unit\ModelsTest" classname="Tests.Unit.ModelsTest" assertions="2" time="0.003995"/>
        <testcase name="`Regency Model` → it can create a regency" file="tests/Unit/ModelsTest.php::`Regency Model` → it can create a regency" class="Tests\Unit\ModelsTest" classname="Tests.Unit.ModelsTest" assertions="3" time="0.010456"/>
        <testcase name="`Regency Model` → it has province relationship" file="tests/Unit/ModelsTest.php::`Regency Model` → it has province relationship" class="Tests\Unit\ModelsTest" classname="Tests.Unit.ModelsTest" assertions="2" time="0.004727"/>
        <testcase name="`Regency Model` → it has districts relationship" file="tests/Unit/ModelsTest.php::`Regency Model` → it has districts relationship" class="Tests\Unit\ModelsTest" classname="Tests.Unit.ModelsTest" assertions="2" time="0.004382"/>
        <testcase name="`Regency Model` → it can find by province" file="tests/Unit/ModelsTest.php::`Regency Model` → it can find by province" class="Tests\Unit\ModelsTest" classname="Tests.Unit.ModelsTest" assertions="2" time="0.004364"/>
        <testcase name="`Regency Model` → it uses correct table name" file="tests/Unit/ModelsTest.php::`Regency Model` → it uses correct table name" class="Tests\Unit\ModelsTest" classname="Tests.Unit.ModelsTest" assertions="1" time="0.005370"/>
        <testcase name="`District Model` → it can create a district" file="tests/Unit/ModelsTest.php::`District Model` → it can create a district" class="Tests\Unit\ModelsTest" classname="Tests.Unit.ModelsTest" assertions="3" time="0.004872"/>
        <testcase name="`District Model` → it has regency relationship" file="tests/Unit/ModelsTest.php::`District Model` → it has regency relationship" class="Tests\Unit\ModelsTest" classname="Tests.Unit.ModelsTest" assertions="2" time="0.005031"/>
        <testcase name="`District Model` → it has villages relationship" file="tests/Unit/ModelsTest.php::`District Model` → it has villages relationship" class="Tests\Unit\ModelsTest" classname="Tests.Unit.ModelsTest" assertions="2" time="0.005277"/>
        <testcase name="`District Model` → it can find by regency" file="tests/Unit/ModelsTest.php::`District Model` → it can find by regency" class="Tests\Unit\ModelsTest" classname="Tests.Unit.ModelsTest" assertions="2" time="0.004909"/>
        <testcase name="`District Model` → it uses correct table name" file="tests/Unit/ModelsTest.php::`District Model` → it uses correct table name" class="Tests\Unit\ModelsTest" classname="Tests.Unit.ModelsTest" assertions="1" time="0.004486"/>
        <testcase name="`Village Model` → it can create a village" file="tests/Unit/ModelsTest.php::`Village Model` → it can create a village" class="Tests\Unit\ModelsTest" classname="Tests.Unit.ModelsTest" assertions="3" time="0.004432"/>
        <testcase name="`Village Model` → it has district relationship" file="tests/Unit/ModelsTest.php::`Village Model` → it has district relationship" class="Tests\Unit\ModelsTest" classname="Tests.Unit.ModelsTest" assertions="2" time="0.005012"/>
        <testcase name="`Village Model` → it can find by district" file="tests/Unit/ModelsTest.php::`Village Model` → it can find by district" class="Tests\Unit\ModelsTest" classname="Tests.Unit.ModelsTest" assertions="2" time="0.005409"/>
        <testcase name="`Village Model` → it uses correct table name" file="tests/Unit/ModelsTest.php::`Village Model` → it uses correct table name" class="Tests\Unit\ModelsTest" classname="Tests.Unit.ModelsTest" assertions="1" time="0.005405"/>
        <testcase name="`Model Search Functionality` → it performs case insensitive search" file="tests/Unit/ModelsTest.php::`Model Search Functionality` → it performs case insensitive search" class="Tests\Unit\ModelsTest" classname="Tests.Unit.ModelsTest" assertions="2" time="0.005364"/>
        <testcase name="`Model Search Functionality` → it performs partial name search" file="tests/Unit/ModelsTest.php::`Model Search Functionality` → it performs partial name search" class="Tests\Unit\ModelsTest" classname="Tests.Unit.ModelsTest" assertions="2" time="0.004899"/>
        <testcase name="`Model Search Functionality` → it returns empty results for non-matching search" file="tests/Unit/ModelsTest.php::`Model Search Functionality` → it returns empty results for non-matching search" class="Tests\Unit\ModelsTest" classname="Tests.Unit.ModelsTest" assertions="1" time="0.004391"/>
        <testcase name="`Model Validation` → it requires code field" file="tests/Unit/ModelsTest.php::`Model Validation` → it requires code field" class="Tests\Unit\ModelsTest" classname="Tests.Unit.ModelsTest" assertions="1" time="0.004704"/>
        <testcase name="`Model Validation` → it requires name field" file="tests/Unit/ModelsTest.php::`Model Validation` → it requires name field" class="Tests\Unit\ModelsTest" classname="Tests.Unit.ModelsTest" assertions="1" time="0.004479"/>
        <testcase name="`Model Validation` → it enforces unique code constraint" file="tests/Unit/ModelsTest.php::`Model Validation` → it enforces unique code constraint" class="Tests\Unit\ModelsTest" classname="Tests.Unit.ModelsTest" assertions="1" time="0.004325"/>
        <testcase name="`Model Relationships Cascade` → it maintains referential integrity" file="tests/Unit/ModelsTest.php::`Model Relationships Cascade` → it maintains referential integrity" class="Tests\Unit\ModelsTest" classname="Tests.Unit.ModelsTest" assertions="4" time="0.005576"/>
      </testsuite>
    </testsuite>
  </testsuite>
</testsuites>
