<?xml version="1.0" encoding="UTF-8"?>
<testsuites>
  <testsuite name="/Users/zaid/codes/idn-area-laravel-12/phpunit.xml.dist" tests="186" assertions="477" errors="0" failures="0" skipped="0" time="2.384760">
    <testsuite name="zaidysf/IdnArea Test Suite" tests="186" assertions="477" errors="0" failures="0" skipped="0" time="2.384760">
      <testsuite name="Tests\ArchTest" file="tests/ArchTest.php" tests="7" assertions="18" errors="0" failures="0" skipped="0" time="0.653623">
        <testcase name="it will not use debugging functions" file="tests/ArchTest.php::it will not use debugging functions" class="Tests\ArchTest" classname="Tests.ArchTest" assertions="5" time="0.463933"/>
        <testcase name="models extend Illuminate\Database\Eloquent\Model" file="tests/ArchTest.php::models extend Illuminate\Database\Eloquent\Model" class="Tests\ArchTest" classname="Tests.ArchTest" assertions="1" time="0.037688"/>
        <testcase name="models are in Models namespace" file="tests/ArchTest.php::models are in Models namespace" class="Tests\ArchTest" classname="Tests.ArchTest" assertions="1" time="0.005687"/>
        <testcase name="services are in Services namespace" file="tests/ArchTest.php::services are in Services namespace" class="Tests\ArchTest" classname="Tests.ArchTest" assertions="1" time="0.033964"/>
        <testcase name="commands extend Illuminate\Console\Command" file="tests/ArchTest.php::commands extend Illuminate\Console\Command" class="Tests\ArchTest" classname="Tests.ArchTest" assertions="1" time="0.061928"/>
        <testcase name="facades extend Illuminate\Support\Facades\Facade" file="tests/ArchTest.php::facades extend Illuminate\Support\Facades\Facade" class="Tests\ArchTest" classname="Tests.ArchTest" assertions="1" time="0.009343"/>
        <testcase name="ensure no Laravel helpers are used in models" file="tests/ArchTest.php::ensure no Laravel helpers are used in models" class="Tests\ArchTest" classname="Tests.ArchTest" assertions="8" time="0.041080"/>
      </testsuite>
      <testsuite name="Tests\Architecture\GeneralTest" file="tests/Architecture/GeneralTest.php" tests="11" assertions="11" errors="0" failures="0" skipped="0" time="0.270302">
        <testcase name="it will not use debugging functions" file="tests/Architecture/GeneralTest.php::it will not use debugging functions" class="Tests\Architecture\GeneralTest" classname="Tests.Architecture.GeneralTest" assertions="1" time="0.048232"/>
        <testcase name="models should extend Eloquent" file="tests/Architecture/GeneralTest.php::models should extend Eloquent" class="Tests\Architecture\GeneralTest" classname="Tests.Architecture.GeneralTest" assertions="1" time="0.019482"/>
        <testcase name="commands should extend Command" file="tests/Architecture/GeneralTest.php::commands should extend Command" class="Tests\Architecture\GeneralTest" classname="Tests.Architecture.GeneralTest" assertions="1" time="0.005664"/>
        <testcase name="facades should extend Facade" file="tests/Architecture/GeneralTest.php::facades should extend Facade" class="Tests\Architecture\GeneralTest" classname="Tests.Architecture.GeneralTest" assertions="1" time="0.004966"/>
        <testcase name="service provider should extend PackageServiceProvider" file="tests/Architecture/GeneralTest.php::service provider should extend PackageServiceProvider" class="Tests\Architecture\GeneralTest" classname="Tests.Architecture.GeneralTest" assertions="1" time="0.007326"/>
        <testcase name="models should use factories" file="tests/Architecture/GeneralTest.php::models should use factories" class="Tests\Architecture\GeneralTest" classname="Tests.Architecture.GeneralTest" assertions="1" time="0.008281"/>
        <testcase name="it does not use env outside of config" file="tests/Architecture/GeneralTest.php::it does not use env outside of config" class="Tests\Architecture\GeneralTest" classname="Tests.Architecture.GeneralTest" assertions="1" time="0.005390"/>
        <testcase name="controllers should not have die or exit" file="tests/Architecture/GeneralTest.php::controllers should not have die or exit" class="Tests\Architecture\GeneralTest" classname="Tests.Architecture.GeneralTest" assertions="1" time="0.005820"/>
        <testcase name="it will not use compact() function" file="tests/Architecture/GeneralTest.php::it will not use compact() function" class="Tests\Architecture\GeneralTest" classname="Tests.Architecture.GeneralTest" assertions="1" time="0.007398"/>
        <testcase name="ensure no use of globals" file="tests/Architecture/GeneralTest.php::ensure no use of globals" class="Tests\Architecture\GeneralTest" classname="Tests.Architecture.GeneralTest" assertions="1" time="0.009911"/>
        <testcase name="classes should be final or abstract" file="tests/Architecture/GeneralTest.php::classes should be final or abstract" class="Tests\Architecture\GeneralTest" classname="Tests.Architecture.GeneralTest" assertions="1" time="0.147832"/>
      </testsuite>
      <testsuite name="Tests\CommandTest" file="tests/CommandTest.php" tests="4" assertions="6" errors="0" failures="0" skipped="0" time="0.364758">
        <testcase name="`IdnAreaCommand` → it can instantiate command" file="tests/CommandTest.php::`IdnAreaCommand` → it can instantiate command" class="Tests\CommandTest" classname="Tests.CommandTest" assertions="1" time="0.035159"/>
        <testcase name="`IdnAreaCommand` → it has correct signature and description" file="tests/CommandTest.php::`IdnAreaCommand` → it has correct signature and description" class="Tests\CommandTest" classname="Tests.CommandTest" assertions="3" time="0.004134"/>
        <testcase name="`IdnAreaCommand` → it command is registered" file="tests/CommandTest.php::`IdnAreaCommand` → it command is registered" class="Tests\CommandTest" classname="Tests.CommandTest" assertions="1" time="0.052234"/>
        <testcase name="`IdnAreaCommand` → it can run command without force option" file="tests/CommandTest.php::`IdnAreaCommand` → it can run command without force option" class="Tests\CommandTest" classname="Tests.CommandTest" assertions="1" time="0.273232"/>
      </testsuite>
      <testsuite name="Tests\ExampleTest" file="tests/ExampleTest.php" tests="3" assertions="11" errors="0" failures="0" skipped="0" time="0.025774">
        <testcase name="it package is properly configured" file="tests/ExampleTest.php::it package is properly configured" class="Tests\ExampleTest" classname="Tests.ExampleTest" assertions="2" time="0.016039"/>
        <testcase name="it config is published correctly" file="tests/ExampleTest.php::it config is published correctly" class="Tests\ExampleTest" classname="Tests.ExampleTest" assertions="4" time="0.005021"/>
        <testcase name="it database tables exist" file="tests/ExampleTest.php::it database tables exist" class="Tests\ExampleTest" classname="Tests.ExampleTest" assertions="5" time="0.004713"/>
      </testsuite>
      <testsuite name="Tests\FacadeTest" file="tests/FacadeTest.php" tests="10" assertions="29" errors="0" failures="0" skipped="0" time="0.054238">
        <testcase name="`IdnArea Facade` → it can get provinces via facade" file="tests/FacadeTest.php::`IdnArea Facade` → it can get provinces via facade" class="Tests\FacadeTest" classname="Tests.FacadeTest" assertions="2" time="0.008535"/>
        <testcase name="`IdnArea Facade` → it can get specific province via facade" file="tests/FacadeTest.php::`IdnArea Facade` → it can get specific province via facade" class="Tests\FacadeTest" classname="Tests.FacadeTest" assertions="2" time="0.005296"/>
        <testcase name="`IdnArea Facade` → it can get regencies by province via facade" file="tests/FacadeTest.php::`IdnArea Facade` → it can get regencies by province via facade" class="Tests\FacadeTest" classname="Tests.FacadeTest" assertions="2" time="0.004741"/>
        <testcase name="`IdnArea Facade` → it can search areas via facade" file="tests/FacadeTest.php::`IdnArea Facade` → it can search areas via facade" class="Tests\FacadeTest" classname="Tests.FacadeTest" assertions="3" time="0.004988"/>
        <testcase name="`IdnArea Facade` → it can get area statistics via facade" file="tests/FacadeTest.php::`IdnArea Facade` → it can get area statistics via facade" class="Tests\FacadeTest" classname="Tests.FacadeTest" assertions="5" time="0.005034"/>
        <testcase name="`IdnArea Facade` → it can get populated islands via facade" file="tests/FacadeTest.php::`IdnArea Facade` → it can get populated islands via facade" class="Tests\FacadeTest" classname="Tests.FacadeTest" assertions="2" time="0.004782"/>
        <testcase name="`IdnArea Facade` → it can get outermost small islands via facade" file="tests/FacadeTest.php::`IdnArea Facade` → it can get outermost small islands via facade" class="Tests\FacadeTest" classname="Tests.FacadeTest" assertions="2" time="0.004613"/>
        <testcase name="`IdnArea Facade` → it can get islands by regency via facade" file="tests/FacadeTest.php::`IdnArea Facade` → it can get islands by regency via facade" class="Tests\FacadeTest" classname="Tests.FacadeTest" assertions="2" time="0.005900"/>
        <testcase name="`IdnArea Facade` → it returns null for non-existent areas" file="tests/FacadeTest.php::`IdnArea Facade` → it returns null for non-existent areas" class="Tests\FacadeTest" classname="Tests.FacadeTest" assertions="4" time="0.005457"/>
        <testcase name="`IdnArea Facade` → it returns empty collections for non-existent parent areas" file="tests/FacadeTest.php::`IdnArea Facade` → it returns empty collections for non-existent parent areas" class="Tests\FacadeTest" classname="Tests.FacadeTest" assertions="5" time="0.004891"/>
      </testsuite>
      <testsuite name="Tests\FactoryTest" file="tests/FactoryTest.php" tests="15" assertions="60" errors="0" failures="0" skipped="0" time="0.112277">
        <testcase name="`Model Factories` → it can create province using factory" file="tests/FactoryTest.php::`Model Factories` → it can create province using factory" class="Tests\FactoryTest" classname="Tests.FactoryTest" assertions="4" time="0.016854"/>
        <testcase name="`Model Factories` → it can create province with specific states" file="tests/FactoryTest.php::`Model Factories` → it can create province with specific states" class="Tests\FactoryTest" classname="Tests.FactoryTest" assertions="4" time="0.004743"/>
        <testcase name="`Model Factories` → it can create regency using factory" file="tests/FactoryTest.php::`Model Factories` → it can create regency using factory" class="Tests\FactoryTest" classname="Tests.FactoryTest" assertions="5" time="0.006326"/>
        <testcase name="`Model Factories` → it can create regency for specific province" file="tests/FactoryTest.php::`Model Factories` → it can create regency for specific province" class="Tests\FactoryTest" classname="Tests.FactoryTest" assertions="2" time="0.005669"/>
        <testcase name="`Model Factories` → it can create regency with specific types" file="tests/FactoryTest.php::`Model Factories` → it can create regency with specific types" class="Tests\FactoryTest" classname="Tests.FactoryTest" assertions="2" time="0.007223"/>
        <testcase name="`Model Factories` → it can create district using factory" file="tests/FactoryTest.php::`Model Factories` → it can create district using factory" class="Tests\FactoryTest" classname="Tests.FactoryTest" assertions="5" time="0.005697"/>
        <testcase name="`Model Factories` → it can create district for specific regency" file="tests/FactoryTest.php::`Model Factories` → it can create district for specific regency" class="Tests\FactoryTest" classname="Tests.FactoryTest" assertions="2" time="0.006131"/>
        <testcase name="`Model Factories` → it can create village using factory" file="tests/FactoryTest.php::`Model Factories` → it can create village using factory" class="Tests\FactoryTest" classname="Tests.FactoryTest" assertions="5" time="0.005347"/>
        <testcase name="`Model Factories` → it can create village for specific district" file="tests/FactoryTest.php::`Model Factories` → it can create village for specific district" class="Tests\FactoryTest" classname="Tests.FactoryTest" assertions="2" time="0.005195"/>
        <testcase name="`Model Factories` → it can create island using factory" file="tests/FactoryTest.php::`Model Factories` → it can create island using factory" class="Tests\FactoryTest" classname="Tests.FactoryTest" assertions="5" time="0.005811"/>
        <testcase name="`Model Factories` → it can create island with specific types" file="tests/FactoryTest.php::`Model Factories` → it can create island with specific types" class="Tests\FactoryTest" classname="Tests.FactoryTest" assertions="6" time="0.005512"/>
        <testcase name="`Model Factories` → it can create island for specific regency" file="tests/FactoryTest.php::`Model Factories` → it can create island for specific regency" class="Tests\FactoryTest" classname="Tests.FactoryTest" assertions="1" time="0.005312"/>
        <testcase name="`Model Factories` → it can create complete hierarchy using factories" file="tests/FactoryTest.php::`Model Factories` → it can create complete hierarchy using factories" class="Tests\FactoryTest" classname="Tests.FactoryTest" assertions="8" time="0.020035"/>
        <testcase name="`Model Factories` → it can create multiple models using factories" file="tests/FactoryTest.php::`Model Factories` → it can create multiple models using factories" class="Tests\FactoryTest" classname="Tests.FactoryTest" assertions="3" time="0.007527"/>
        <testcase name="`Model Factories` → it can make models without persisting to database" file="tests/FactoryTest.php::`Model Factories` → it can make models without persisting to database" class="Tests\FactoryTest" classname="Tests.FactoryTest" assertions="6" time="0.004895"/>
      </testsuite>
      <testsuite name="Tests\Feature\SetupCommandTest" file="tests/Feature/SetupCommandTest.php" tests="7" assertions="10" errors="0" failures="0" skipped="0" time="0.093664">
        <testcase name="it can run setup command interactively" file="tests/Feature/SetupCommandTest.php::it can run setup command interactively" class="Tests\Feature\SetupCommandTest" classname="Tests.Feature.SetupCommandTest" assertions="3" time="0.035829"/>
        <testcase name="it can run setup command with local mode parameter" file="tests/Feature/SetupCommandTest.php::it can run setup command with local mode parameter" class="Tests\Feature\SetupCommandTest" classname="Tests.Feature.SetupCommandTest" assertions="1" time="0.010270"/>
        <testcase name="it can run setup command with api mode parameter" file="tests/Feature/SetupCommandTest.php::it can run setup command with api mode parameter" class="Tests\Feature\SetupCommandTest" classname="Tests.Feature.SetupCommandTest" assertions="1" time="0.009685"/>
        <testcase name="it validates invalid mode parameter" file="tests/Feature/SetupCommandTest.php::it validates invalid mode parameter" class="Tests\Feature\SetupCommandTest" classname="Tests.Feature.SetupCommandTest" assertions="1" time="0.005810"/>
        <testcase name="it skips setup when already configured without force" file="tests/Feature/SetupCommandTest.php::it skips setup when already configured without force" class="Tests\Feature\SetupCommandTest" classname="Tests.Feature.SetupCommandTest" assertions="2" time="0.006176"/>
        <testcase name="it can force reconfigure when already setup" file="tests/Feature/SetupCommandTest.php::it can force reconfigure when already setup" class="Tests\Feature\SetupCommandTest" classname="Tests.Feature.SetupCommandTest" assertions="1" time="0.010635"/>
        <testcase name="it handles non-interactive mode correctly" file="tests/Feature/SetupCommandTest.php::it handles non-interactive mode correctly" class="Tests\Feature\SetupCommandTest" classname="Tests.Feature.SetupCommandTest" assertions="1" time="0.015258"/>
      </testsuite>
      <testsuite name="Tests\Feature\SwitchModeCommandTest" file="tests/Feature/SwitchModeCommandTest.php" tests="10" assertions="14" errors="0" failures="0" skipped="0" time="0.072964">
        <testcase name="it can switch to api mode" file="tests/Feature/SwitchModeCommandTest.php::it can switch to api mode" class="Tests\Feature\SwitchModeCommandTest" classname="Tests.Feature.SwitchModeCommandTest" assertions="1" time="0.007530"/>
        <testcase name="it can switch to local mode" file="tests/Feature/SwitchModeCommandTest.php::it can switch to local mode" class="Tests\Feature\SwitchModeCommandTest" classname="Tests.Feature.SwitchModeCommandTest" assertions="1" time="0.005054"/>
        <testcase name="it validates invalid mode parameter" file="tests/Feature/SwitchModeCommandTest.php::it validates invalid mode parameter" class="Tests\Feature\SwitchModeCommandTest" classname="Tests.Feature.SwitchModeCommandTest" assertions="1" time="0.004686"/>
        <testcase name="it shows current mode when already in target mode" file="tests/Feature/SwitchModeCommandTest.php::it shows current mode when already in target mode" class="Tests\Feature\SwitchModeCommandTest" classname="Tests.Feature.SwitchModeCommandTest" assertions="2" time="0.005155"/>
        <testcase name="it can skip validation checks" file="tests/Feature/SwitchModeCommandTest.php::it can skip validation checks" class="Tests\Feature\SwitchModeCommandTest" classname="Tests.Feature.SwitchModeCommandTest" assertions="1" time="0.006440"/>
        <testcase name="it can skip migration step" file="tests/Feature/SwitchModeCommandTest.php::it can skip migration step" class="Tests\Feature\SwitchModeCommandTest" classname="Tests.Feature.SwitchModeCommandTest" assertions="1" time="0.006465"/>
        <testcase name="it can skip seeding step" file="tests/Feature/SwitchModeCommandTest.php::it can skip seeding step" class="Tests\Feature\SwitchModeCommandTest" classname="Tests.Feature.SwitchModeCommandTest" assertions="1" time="0.011228"/>
        <testcase name="it handles interactive mode selection" file="tests/Feature/SwitchModeCommandTest.php::it handles interactive mode selection" class="Tests\Feature\SwitchModeCommandTest" classname="Tests.Feature.SwitchModeCommandTest" assertions="4" time="0.010330"/>
        <testcase name="it validates prerequisites for api mode" file="tests/Feature/SwitchModeCommandTest.php::it validates prerequisites for api mode" class="Tests\Feature\SwitchModeCommandTest" classname="Tests.Feature.SwitchModeCommandTest" assertions="1" time="0.005853"/>
        <testcase name="it validates prerequisites for local mode" file="tests/Feature/SwitchModeCommandTest.php::it validates prerequisites for local mode" class="Tests\Feature\SwitchModeCommandTest" classname="Tests.Feature.SwitchModeCommandTest" assertions="1" time="0.010223"/>
      </testsuite>
      <testsuite name="Tests\IdnAreaTest" file="tests/IdnAreaTest.php" tests="14" assertions="55" errors="0" failures="0" skipped="0" time="0.089886">
        <testcase name="it can instantiate the main class" file="tests/IdnAreaTest.php::it can instantiate the main class" class="Tests\IdnAreaTest" classname="Tests.IdnAreaTest" assertions="1" time="0.009542"/>
        <testcase name="it can get empty provinces collection" file="tests/IdnAreaTest.php::it can get empty provinces collection" class="Tests\IdnAreaTest" classname="Tests.IdnAreaTest" assertions="2" time="0.005732"/>
        <testcase name="it can search areas with empty results" file="tests/IdnAreaTest.php::it can search areas with empty results" class="Tests\IdnAreaTest" classname="Tests.IdnAreaTest" assertions="6" time="0.005427"/>
        <testcase name="it can get statistics with zero counts" file="tests/IdnAreaTest.php::it can get statistics with zero counts" class="Tests\IdnAreaTest" classname="Tests.IdnAreaTest" assertions="10" time="0.005399"/>
        <testcase name="it province model has correct configuration" file="tests/IdnAreaTest.php::it province model has correct configuration" class="Tests\IdnAreaTest" classname="Tests.IdnAreaTest" assertions="4" time="0.006301"/>
        <testcase name="it regency model has correct configuration" file="tests/IdnAreaTest.php::it regency model has correct configuration" class="Tests\IdnAreaTest" classname="Tests.IdnAreaTest" assertions="4" time="0.005052"/>
        <testcase name="it district model has correct configuration" file="tests/IdnAreaTest.php::it district model has correct configuration" class="Tests\IdnAreaTest" classname="Tests.IdnAreaTest" assertions="4" time="0.005116"/>
        <testcase name="it village model has correct configuration" file="tests/IdnAreaTest.php::it village model has correct configuration" class="Tests\IdnAreaTest" classname="Tests.IdnAreaTest" assertions="4" time="0.010607"/>
        <testcase name="it island model has correct configuration" file="tests/IdnAreaTest.php::it island model has correct configuration" class="Tests\IdnAreaTest" classname="Tests.IdnAreaTest" assertions="3" time="0.008886"/>
        <testcase name="it can use facade" file="tests/IdnAreaTest.php::it can use facade" class="Tests\IdnAreaTest" classname="Tests.IdnAreaTest" assertions="1" time="0.005077"/>
        <testcase name="it can create and retrieve province" file="tests/IdnAreaTest.php::it can create and retrieve province" class="Tests\IdnAreaTest" classname="Tests.IdnAreaTest" assertions="5" time="0.007325"/>
        <testcase name="it can create regency with province relationship" file="tests/IdnAreaTest.php::it can create regency with province relationship" class="Tests\IdnAreaTest" classname="Tests.IdnAreaTest" assertions="4" time="0.005211"/>
        <testcase name="it can test island scopes" file="tests/IdnAreaTest.php::it can test island scopes" class="Tests\IdnAreaTest" classname="Tests.IdnAreaTest" assertions="4" time="0.005039"/>
        <testcase name="it can test search with sample data" file="tests/IdnAreaTest.php::it can test search with sample data" class="Tests\IdnAreaTest" classname="Tests.IdnAreaTest" assertions="3" time="0.005173"/>
      </testsuite>
      <testsuite name="Tests\RelationshipTest" file="tests/RelationshipTest.php" tests="10" assertions="20" errors="0" failures="0" skipped="0" time="0.078871">
        <testcase name="`Model Relationships` → it province has many regencies" file="tests/RelationshipTest.php::`Model Relationships` → it province has many regencies" class="Tests\RelationshipTest" classname="Tests.RelationshipTest" assertions="2" time="0.009669"/>
        <testcase name="`Model Relationships` → it province has many districts through regencies" file="tests/RelationshipTest.php::`Model Relationships` → it province has many districts through regencies" class="Tests\RelationshipTest" classname="Tests.RelationshipTest" assertions="2" time="0.008963"/>
        <testcase name="`Model Relationships` → it regency belongs to province" file="tests/RelationshipTest.php::`Model Relationships` → it regency belongs to province" class="Tests\RelationshipTest" classname="Tests.RelationshipTest" assertions="2" time="0.008843"/>
        <testcase name="`Model Relationships` → it regency has many districts" file="tests/RelationshipTest.php::`Model Relationships` → it regency has many districts" class="Tests\RelationshipTest" classname="Tests.RelationshipTest" assertions="2" time="0.006551"/>
        <testcase name="`Model Relationships` → it regency has many islands" file="tests/RelationshipTest.php::`Model Relationships` → it regency has many islands" class="Tests\RelationshipTest" classname="Tests.RelationshipTest" assertions="2" time="0.010545"/>
        <testcase name="`Model Relationships` → it district belongs to regency" file="tests/RelationshipTest.php::`Model Relationships` → it district belongs to regency" class="Tests\RelationshipTest" classname="Tests.RelationshipTest" assertions="2" time="0.008040"/>
        <testcase name="`Model Relationships` → it district has many villages" file="tests/RelationshipTest.php::`Model Relationships` → it district has many villages" class="Tests\RelationshipTest" classname="Tests.RelationshipTest" assertions="2" time="0.007588"/>
        <testcase name="`Model Relationships` → it village belongs to district" file="tests/RelationshipTest.php::`Model Relationships` → it village belongs to district" class="Tests\RelationshipTest" classname="Tests.RelationshipTest" assertions="2" time="0.007247"/>
        <testcase name="`Model Relationships` → it village has regency through district" file="tests/RelationshipTest.php::`Model Relationships` → it village has regency through district" class="Tests\RelationshipTest" classname="Tests.RelationshipTest" assertions="2" time="0.006008"/>
        <testcase name="`Model Relationships` → it island belongs to regency" file="tests/RelationshipTest.php::`Model Relationships` → it island belongs to regency" class="Tests\RelationshipTest" classname="Tests.RelationshipTest" assertions="2" time="0.005417"/>
      </testsuite>
      <testsuite name="Tests\SeederTest" file="tests/SeederTest.php" tests="5" assertions="14" errors="0" failures="0" skipped="0" time="0.032114">
        <testcase name="`IdnAreaSeeder` → it can instantiate seeder" file="tests/SeederTest.php::`IdnAreaSeeder` → it can instantiate seeder" class="Tests\SeederTest" classname="Tests.SeederTest" assertions="1" time="0.007723"/>
        <testcase name="`IdnAreaSeeder` → it has correct data path" file="tests/SeederTest.php::`IdnAreaSeeder` → it has correct data path" class="Tests\SeederTest" classname="Tests.SeederTest" assertions="1" time="0.004712"/>
        <testcase name="`IdnAreaSeeder` → it detects existing data correctly" file="tests/SeederTest.php::`IdnAreaSeeder` → it detects existing data correctly" class="Tests\SeederTest" classname="Tests.SeederTest" assertions="2" time="0.005022"/>
        <testcase name="`IdnAreaSeeder` → it can parse boolean values correctly" file="tests/SeederTest.php::`IdnAreaSeeder` → it can parse boolean values correctly" class="Tests\SeederTest" classname="Tests.SeederTest" assertions="8" time="0.005821"/>
        <testcase name="`IdnAreaSeeder` → it throws exception for missing CSV file" file="tests/SeederTest.php::`IdnAreaSeeder` → it throws exception for missing CSV file" class="Tests\SeederTest" classname="Tests.SeederTest" assertions="2" time="0.008836"/>
      </testsuite>
      <testsuite name="Tests\Unit\IdnAreaManagerTest" file="tests/Unit/IdnAreaManagerTest.php" tests="13" assertions="47" errors="0" failures="0" skipped="0" time="0.102406">
        <testcase name="it uses local service when in local mode" file="tests/Unit/IdnAreaManagerTest.php::it uses local service when in local mode" class="Tests\Unit\IdnAreaManagerTest" classname="Tests.Unit.IdnAreaManagerTest" assertions="3" time="0.006914"/>
        <testcase name="it uses API service when in API mode" file="tests/Unit/IdnAreaManagerTest.php::it uses API service when in API mode" class="Tests\Unit\IdnAreaManagerTest" classname="Tests.Unit.IdnAreaManagerTest" assertions="2" time="0.027239"/>
        <testcase name="it defaults to local mode when mode is not configured" file="tests/Unit/IdnAreaManagerTest.php::it defaults to local mode when mode is not configured" class="Tests\Unit\IdnAreaManagerTest" classname="Tests.Unit.IdnAreaManagerTest" assertions="3" time="0.005229"/>
        <testcase name="it can get regencies by province code in local mode" file="tests/Unit/IdnAreaManagerTest.php::it can get regencies by province code in local mode" class="Tests\Unit\IdnAreaManagerTest" classname="Tests.Unit.IdnAreaManagerTest" assertions="3" time="0.009528"/>
        <testcase name="it can get regencies by province code in API mode" file="tests/Unit/IdnAreaManagerTest.php::it can get regencies by province code in API mode" class="Tests\Unit\IdnAreaManagerTest" classname="Tests.Unit.IdnAreaManagerTest" assertions="2" time="0.007946"/>
        <testcase name="it can get districts by regency code in both modes" file="tests/Unit/IdnAreaManagerTest.php::it can get districts by regency code in both modes" class="Tests\Unit\IdnAreaManagerTest" classname="Tests.Unit.IdnAreaManagerTest" assertions="5" time="0.006942"/>
        <testcase name="it can get villages by district code in both modes" file="tests/Unit/IdnAreaManagerTest.php::it can get villages by district code in both modes" class="Tests\Unit\IdnAreaManagerTest" classname="Tests.Unit.IdnAreaManagerTest" assertions="5" time="0.006143"/>
        <testcase name="it can find by code in local mode" file="tests/Unit/IdnAreaManagerTest.php::it can find by code in local mode" class="Tests\Unit\IdnAreaManagerTest" classname="Tests.Unit.IdnAreaManagerTest" assertions="8" time="0.006065"/>
        <testcase name="it can search by name in local mode" file="tests/Unit/IdnAreaManagerTest.php::it can search by name in local mode" class="Tests\Unit\IdnAreaManagerTest" classname="Tests.Unit.IdnAreaManagerTest" assertions="8" time="0.005282"/>
        <testcase name="it handles configuration changes dynamically" file="tests/Unit/IdnAreaManagerTest.php::it handles configuration changes dynamically" class="Tests\Unit\IdnAreaManagerTest" classname="Tests.Unit.IdnAreaManagerTest" assertions="3" time="0.005359"/>
        <testcase name="it maintains service instances correctly" file="tests/Unit/IdnAreaManagerTest.php::it maintains service instances correctly" class="Tests\Unit\IdnAreaManagerTest" classname="Tests.Unit.IdnAreaManagerTest" assertions="1" time="0.005569"/>
        <testcase name="it can get current mode" file="tests/Unit/IdnAreaManagerTest.php::it can get current mode" class="Tests\Unit\IdnAreaManagerTest" classname="Tests.Unit.IdnAreaManagerTest" assertions="2" time="0.005161"/>
        <testcase name="it validates service availability" file="tests/Unit/IdnAreaManagerTest.php::it validates service availability" class="Tests\Unit\IdnAreaManagerTest" classname="Tests.Unit.IdnAreaManagerTest" assertions="2" time="0.005030"/>
      </testsuite>
      <testsuite name="Tests\Unit\IdnAreaTest" file="tests/Unit/IdnAreaTest.php" tests="18" assertions="57" errors="0" failures="0" skipped="0" time="0.098298">
        <testcase name="it can get all provinces" file="tests/Unit/IdnAreaTest.php::it can get all provinces" class="Tests\Unit\IdnAreaTest" classname="Tests.Unit.IdnAreaTest" assertions="3" time="0.008467"/>
        <testcase name="it can get a province by code" file="tests/Unit/IdnAreaTest.php::it can get a province by code" class="Tests\Unit\IdnAreaTest" classname="Tests.Unit.IdnAreaTest" assertions="3" time="0.004505"/>
        <testcase name="it returns null for non-existent province" file="tests/Unit/IdnAreaTest.php::it returns null for non-existent province" class="Tests\Unit\IdnAreaTest" classname="Tests.Unit.IdnAreaTest" assertions="1" time="0.005998"/>
        <testcase name="it can get regencies by province" file="tests/Unit/IdnAreaTest.php::it can get regencies by province" class="Tests\Unit\IdnAreaTest" classname="Tests.Unit.IdnAreaTest" assertions="3" time="0.005684"/>
        <testcase name="it can get districts by regency" file="tests/Unit/IdnAreaTest.php::it can get districts by regency" class="Tests\Unit\IdnAreaTest" classname="Tests.Unit.IdnAreaTest" assertions="3" time="0.005603"/>
        <testcase name="it can get all districts by regency" file="tests/Unit/IdnAreaTest.php::it can get all districts by regency" class="Tests\Unit\IdnAreaTest" classname="Tests.Unit.IdnAreaTest" assertions="1" time="0.004989"/>
        <testcase name="it can get villages by district" file="tests/Unit/IdnAreaTest.php::it can get villages by district" class="Tests\Unit\IdnAreaTest" classname="Tests.Unit.IdnAreaTest" assertions="3" time="0.005091"/>
        <testcase name="it can get islands by regency" file="tests/Unit/IdnAreaTest.php::it can get islands by regency" class="Tests\Unit\IdnAreaTest" classname="Tests.Unit.IdnAreaTest" assertions="2" time="0.004729"/>
        <testcase name="it can get outermost small islands" file="tests/Unit/IdnAreaTest.php::it can get outermost small islands" class="Tests\Unit\IdnAreaTest" classname="Tests.Unit.IdnAreaTest" assertions="2" time="0.004334"/>
        <testcase name="it can get populated islands" file="tests/Unit/IdnAreaTest.php::it can get populated islands" class="Tests\Unit\IdnAreaTest" classname="Tests.Unit.IdnAreaTest" assertions="2" time="0.004646"/>
        <testcase name="it can search areas" file="tests/Unit/IdnAreaTest.php::it can search areas" class="Tests\Unit\IdnAreaTest" classname="Tests.Unit.IdnAreaTest" assertions="3" time="0.005515"/>
        <testcase name="it can search with partial match" file="tests/Unit/IdnAreaTest.php::it can search with partial match" class="Tests\Unit\IdnAreaTest" classname="Tests.Unit.IdnAreaTest" assertions="2" time="0.005146"/>
        <testcase name="it can get hierarchy" file="tests/Unit/IdnAreaTest.php::it can get hierarchy" class="Tests\Unit\IdnAreaTest" classname="Tests.Unit.IdnAreaTest" assertions="5" time="0.007071"/>
        <testcase name="it can get statistics" file="tests/Unit/IdnAreaTest.php::it can get statistics" class="Tests\Unit\IdnAreaTest" classname="Tests.Unit.IdnAreaTest" assertions="13" time="0.006218"/>
        <testcase name="it can get multiple areas by codes" file="tests/Unit/IdnAreaTest.php::it can get multiple areas by codes" class="Tests\Unit\IdnAreaTest" classname="Tests.Unit.IdnAreaTest" assertions="3" time="0.005472"/>
        <testcase name="it can clear cache" file="tests/Unit/IdnAreaTest.php::it can clear cache" class="Tests\Unit\IdnAreaTest" classname="Tests.Unit.IdnAreaTest" assertions="1" time="0.005081"/>
        <testcase name="it handles empty search results gracefully" file="tests/Unit/IdnAreaTest.php::it handles empty search results gracefully" class="Tests\Unit\IdnAreaTest" classname="Tests.Unit.IdnAreaTest" assertions="5" time="0.005272"/>
        <testcase name="it returns empty array for non-existent province hierarchy" file="tests/Unit/IdnAreaTest.php::it returns empty array for non-existent province hierarchy" class="Tests\Unit\IdnAreaTest" classname="Tests.Unit.IdnAreaTest" assertions="2" time="0.004477"/>
      </testsuite>
      <testsuite name="Tests\Unit\LocalDataServiceTest" file="tests/Unit/LocalDataServiceTest.php" tests="18" assertions="45" errors="0" failures="0" skipped="0" time="0.106752">
        <testcase name="it can get all provinces" file="tests/Unit/LocalDataServiceTest.php::it can get all provinces" class="Tests\Unit\LocalDataServiceTest" classname="Tests.Unit.LocalDataServiceTest" assertions="5" time="0.011705"/>
        <testcase name="it can get regencies by province code" file="tests/Unit/LocalDataServiceTest.php::it can get regencies by province code" class="Tests\Unit\LocalDataServiceTest" classname="Tests.Unit.LocalDataServiceTest" assertions="3" time="0.005446"/>
        <testcase name="it can get districts by regency code" file="tests/Unit/LocalDataServiceTest.php::it can get districts by regency code" class="Tests\Unit\LocalDataServiceTest" classname="Tests.Unit.LocalDataServiceTest" assertions="3" time="0.005956"/>
        <testcase name="it can get villages by district code" file="tests/Unit/LocalDataServiceTest.php::it can get villages by district code" class="Tests\Unit\LocalDataServiceTest" classname="Tests.Unit.LocalDataServiceTest" assertions="3" time="0.005372"/>
        <testcase name="it returns empty array for non-existent province" file="tests/Unit/LocalDataServiceTest.php::it returns empty array for non-existent province" class="Tests\Unit\LocalDataServiceTest" classname="Tests.Unit.LocalDataServiceTest" assertions="2" time="0.004518"/>
        <testcase name="it can get province by code" file="tests/Unit/LocalDataServiceTest.php::it can get province by code" class="Tests\Unit\LocalDataServiceTest" classname="Tests.Unit.LocalDataServiceTest" assertions="2" time="0.004664"/>
        <testcase name="it can get regency by code" file="tests/Unit/LocalDataServiceTest.php::it can get regency by code" class="Tests\Unit\LocalDataServiceTest" classname="Tests.Unit.LocalDataServiceTest" assertions="2" time="0.004919"/>
        <testcase name="it can get district by code" file="tests/Unit/LocalDataServiceTest.php::it can get district by code" class="Tests\Unit\LocalDataServiceTest" classname="Tests.Unit.LocalDataServiceTest" assertions="2" time="0.004436"/>
        <testcase name="it can get village by code" file="tests/Unit/LocalDataServiceTest.php::it can get village by code" class="Tests\Unit\LocalDataServiceTest" classname="Tests.Unit.LocalDataServiceTest" assertions="2" time="0.004475"/>
        <testcase name="it returns null for non-existent codes" file="tests/Unit/LocalDataServiceTest.php::it returns null for non-existent codes" class="Tests\Unit\LocalDataServiceTest" classname="Tests.Unit.LocalDataServiceTest" assertions="4" time="0.004624"/>
        <testcase name="it can search provinces by name" file="tests/Unit/LocalDataServiceTest.php::it can search provinces by name" class="Tests\Unit\LocalDataServiceTest" classname="Tests.Unit.LocalDataServiceTest" assertions="2" time="0.005061"/>
        <testcase name="it can search regencies by name" file="tests/Unit/LocalDataServiceTest.php::it can search regencies by name" class="Tests\Unit\LocalDataServiceTest" classname="Tests.Unit.LocalDataServiceTest" assertions="2" time="0.006146"/>
        <testcase name="it can search districts by name" file="tests/Unit/LocalDataServiceTest.php::it can search districts by name" class="Tests\Unit\LocalDataServiceTest" classname="Tests.Unit.LocalDataServiceTest" assertions="2" time="0.006498"/>
        <testcase name="it can search villages by name" file="tests/Unit/LocalDataServiceTest.php::it can search villages by name" class="Tests\Unit\LocalDataServiceTest" classname="Tests.Unit.LocalDataServiceTest" assertions="2" time="0.007797"/>
        <testcase name="it handles case insensitive search" file="tests/Unit/LocalDataServiceTest.php::it handles case insensitive search" class="Tests\Unit\LocalDataServiceTest" classname="Tests.Unit.LocalDataServiceTest" assertions="2" time="0.007014"/>
        <testcase name="it handles partial name search" file="tests/Unit/LocalDataServiceTest.php::it handles partial name search" class="Tests\Unit\LocalDataServiceTest" classname="Tests.Unit.LocalDataServiceTest" assertions="2" time="0.005977"/>
        <testcase name="it returns paginated results when requested" file="tests/Unit/LocalDataServiceTest.php::it returns paginated results when requested" class="Tests\Unit\LocalDataServiceTest" classname="Tests.Unit.LocalDataServiceTest" assertions="1" time="0.006205"/>
        <testcase name="it can count total records" file="tests/Unit/LocalDataServiceTest.php::it can count total records" class="Tests\Unit\LocalDataServiceTest" classname="Tests.Unit.LocalDataServiceTest" assertions="4" time="0.005939"/>
      </testsuite>
      <testsuite name="Tests\Unit\Models\ProvinceTest" file="tests/Unit/Models/ProvinceTest.php" tests="13" assertions="28" errors="0" failures="0" skipped="0" time="0.060442">
        <testcase name="it can create a province" file="tests/Unit/Models/ProvinceTest.php::it can create a province" class="Tests\Unit\Models\ProvinceTest" classname="Tests.Unit.Models.ProvinceTest" assertions="3" time="0.008683"/>
        <testcase name="it has correct fillable attributes" file="tests/Unit/Models/ProvinceTest.php::it has correct fillable attributes" class="Tests\Unit\Models\ProvinceTest" classname="Tests.Unit.Models.ProvinceTest" assertions="1" time="0.004060"/>
        <testcase name="it has correct casts" file="tests/Unit/Models/ProvinceTest.php::it has correct casts" class="Tests\Unit\Models\ProvinceTest" classname="Tests.Unit.Models.ProvinceTest" assertions="8" time="0.003887"/>
        <testcase name="it uses code as primary key" file="tests/Unit/Models/ProvinceTest.php::it uses code as primary key" class="Tests\Unit\Models\ProvinceTest" classname="Tests.Unit.Models.ProvinceTest" assertions="3" time="0.003765"/>
        <testcase name="it can have regencies" file="tests/Unit/Models/ProvinceTest.php::it can have regencies" class="Tests\Unit\Models\ProvinceTest" classname="Tests.Unit.Models.ProvinceTest" assertions="2" time="0.004308"/>
        <testcase name="it can access districts through regencies" file="tests/Unit/Models/ProvinceTest.php::it can access districts through regencies" class="Tests\Unit\Models\ProvinceTest" classname="Tests.Unit.Models.ProvinceTest" assertions="2" time="0.004457"/>
        <testcase name="it can search provinces" file="tests/Unit/Models/ProvinceTest.php::it can search provinces" class="Tests\Unit\Models\ProvinceTest" classname="Tests.Unit.Models.ProvinceTest" assertions="2" time="0.004554"/>
        <testcase name="it can get provinces with regency count" file="tests/Unit/Models/ProvinceTest.php::it can get provinces with regency count" class="Tests\Unit\Models\ProvinceTest" classname="Tests.Unit.Models.ProvinceTest" assertions="1" time="0.005263"/>
        <testcase name="it has formatted name attribute" file="tests/Unit/Models/ProvinceTest.php::it has formatted name attribute" class="Tests\Unit\Models\ProvinceTest" classname="Tests.Unit.Models.ProvinceTest" assertions="1" time="0.004151"/>
        <testcase name="it can check if has regencies" file="tests/Unit/Models/ProvinceTest.php::it can check if has regencies" class="Tests\Unit\Models\ProvinceTest" classname="Tests.Unit.Models.ProvinceTest" assertions="2" time="0.004402"/>
        <testcase name="it can get total districts count" file="tests/Unit/Models/ProvinceTest.php::it can get total districts count" class="Tests\Unit\Models\ProvinceTest" classname="Tests.Unit.Models.ProvinceTest" assertions="1" time="0.004367"/>
        <testcase name="it can get total villages count" file="tests/Unit/Models/ProvinceTest.php::it can get total villages count" class="Tests\Unit\Models\ProvinceTest" classname="Tests.Unit.Models.ProvinceTest" assertions="1" time="0.004630"/>
        <testcase name="it uses code as route key" file="tests/Unit/Models/ProvinceTest.php::it uses code as route key" class="Tests\Unit\Models\ProvinceTest" classname="Tests.Unit.Models.ProvinceTest" assertions="1" time="0.003915"/>
      </testsuite>
      <testsuite name="Tests\Unit\ModelsTest" file="tests/Unit/ModelsTest.php" tests="28" assertions="52" errors="0" failures="0" skipped="0" time="0.168393">
        <testcase name="`Province Model` → it can create a province" file="tests/Unit/ModelsTest.php::`Province Model` → it can create a province" class="Tests\Unit\ModelsTest" classname="Tests.Unit.ModelsTest" assertions="2" time="0.007004"/>
        <testcase name="`Province Model` → it has regencies relationship" file="tests/Unit/ModelsTest.php::`Province Model` → it has regencies relationship" class="Tests\Unit\ModelsTest" classname="Tests.Unit.ModelsTest" assertions="2" time="0.004302"/>
        <testcase name="`Province Model` → it can search by name" file="tests/Unit/ModelsTest.php::`Province Model` → it can search by name" class="Tests\Unit\ModelsTest" classname="Tests.Unit.ModelsTest" assertions="2" time="0.004321"/>
        <testcase name="`Province Model` → it can find by code" file="tests/Unit/ModelsTest.php::`Province Model` → it can find by code" class="Tests\Unit\ModelsTest" classname="Tests.Unit.ModelsTest" assertions="2" time="0.004469"/>
        <testcase name="`Province Model` → it returns null for non-existent code" file="tests/Unit/ModelsTest.php::`Province Model` → it returns null for non-existent code" class="Tests\Unit\ModelsTest" classname="Tests.Unit.ModelsTest" assertions="1" time="0.004616"/>
        <testcase name="`Province Model` → it uses correct table name" file="tests/Unit/ModelsTest.php::`Province Model` → it uses correct table name" class="Tests\Unit\ModelsTest" classname="Tests.Unit.ModelsTest" assertions="1" time="0.004965"/>
        <testcase name="`Province Model` → it has fillable attributes" file="tests/Unit/ModelsTest.php::`Province Model` → it has fillable attributes" class="Tests\Unit\ModelsTest" classname="Tests.Unit.ModelsTest" assertions="2" time="0.004544"/>
        <testcase name="`Regency Model` → it can create a regency" file="tests/Unit/ModelsTest.php::`Regency Model` → it can create a regency" class="Tests\Unit\ModelsTest" classname="Tests.Unit.ModelsTest" assertions="3" time="0.004639"/>
        <testcase name="`Regency Model` → it has province relationship" file="tests/Unit/ModelsTest.php::`Regency Model` → it has province relationship" class="Tests\Unit\ModelsTest" classname="Tests.Unit.ModelsTest" assertions="2" time="0.006152"/>
        <testcase name="`Regency Model` → it has districts relationship" file="tests/Unit/ModelsTest.php::`Regency Model` → it has districts relationship" class="Tests\Unit\ModelsTest" classname="Tests.Unit.ModelsTest" assertions="2" time="0.007050"/>
        <testcase name="`Regency Model` → it can find by province" file="tests/Unit/ModelsTest.php::`Regency Model` → it can find by province" class="Tests\Unit\ModelsTest" classname="Tests.Unit.ModelsTest" assertions="2" time="0.008842"/>
        <testcase name="`Regency Model` → it uses correct table name" file="tests/Unit/ModelsTest.php::`Regency Model` → it uses correct table name" class="Tests\Unit\ModelsTest" classname="Tests.Unit.ModelsTest" assertions="1" time="0.006529"/>
        <testcase name="`District Model` → it can create a district" file="tests/Unit/ModelsTest.php::`District Model` → it can create a district" class="Tests\Unit\ModelsTest" classname="Tests.Unit.ModelsTest" assertions="3" time="0.005360"/>
        <testcase name="`District Model` → it has regency relationship" file="tests/Unit/ModelsTest.php::`District Model` → it has regency relationship" class="Tests\Unit\ModelsTest" classname="Tests.Unit.ModelsTest" assertions="2" time="0.005454"/>
        <testcase name="`District Model` → it has villages relationship" file="tests/Unit/ModelsTest.php::`District Model` → it has villages relationship" class="Tests\Unit\ModelsTest" classname="Tests.Unit.ModelsTest" assertions="2" time="0.005456"/>
        <testcase name="`District Model` → it can find by regency" file="tests/Unit/ModelsTest.php::`District Model` → it can find by regency" class="Tests\Unit\ModelsTest" classname="Tests.Unit.ModelsTest" assertions="2" time="0.005377"/>
        <testcase name="`District Model` → it uses correct table name" file="tests/Unit/ModelsTest.php::`District Model` → it uses correct table name" class="Tests\Unit\ModelsTest" classname="Tests.Unit.ModelsTest" assertions="1" time="0.005784"/>
        <testcase name="`Village Model` → it can create a village" file="tests/Unit/ModelsTest.php::`Village Model` → it can create a village" class="Tests\Unit\ModelsTest" classname="Tests.Unit.ModelsTest" assertions="3" time="0.015411"/>
        <testcase name="`Village Model` → it has district relationship" file="tests/Unit/ModelsTest.php::`Village Model` → it has district relationship" class="Tests\Unit\ModelsTest" classname="Tests.Unit.ModelsTest" assertions="2" time="0.006228"/>
        <testcase name="`Village Model` → it can find by district" file="tests/Unit/ModelsTest.php::`Village Model` → it can find by district" class="Tests\Unit\ModelsTest" classname="Tests.Unit.ModelsTest" assertions="2" time="0.006525"/>
        <testcase name="`Village Model` → it uses correct table name" file="tests/Unit/ModelsTest.php::`Village Model` → it uses correct table name" class="Tests\Unit\ModelsTest" classname="Tests.Unit.ModelsTest" assertions="1" time="0.007388"/>
        <testcase name="`Model Search Functionality` → it performs case insensitive search" file="tests/Unit/ModelsTest.php::`Model Search Functionality` → it performs case insensitive search" class="Tests\Unit\ModelsTest" classname="Tests.Unit.ModelsTest" assertions="2" time="0.006038"/>
        <testcase name="`Model Search Functionality` → it performs partial name search" file="tests/Unit/ModelsTest.php::`Model Search Functionality` → it performs partial name search" class="Tests\Unit\ModelsTest" classname="Tests.Unit.ModelsTest" assertions="2" time="0.005676"/>
        <testcase name="`Model Search Functionality` → it returns empty results for non-matching search" file="tests/Unit/ModelsTest.php::`Model Search Functionality` → it returns empty results for non-matching search" class="Tests\Unit\ModelsTest" classname="Tests.Unit.ModelsTest" assertions="1" time="0.004748"/>
        <testcase name="`Model Validation` → it requires code field" file="tests/Unit/ModelsTest.php::`Model Validation` → it requires code field" class="Tests\Unit\ModelsTest" classname="Tests.Unit.ModelsTest" assertions="1" time="0.004748"/>
        <testcase name="`Model Validation` → it requires name field" file="tests/Unit/ModelsTest.php::`Model Validation` → it requires name field" class="Tests\Unit\ModelsTest" classname="Tests.Unit.ModelsTest" assertions="1" time="0.005432"/>
        <testcase name="`Model Validation` → it enforces unique code constraint" file="tests/Unit/ModelsTest.php::`Model Validation` → it enforces unique code constraint" class="Tests\Unit\ModelsTest" classname="Tests.Unit.ModelsTest" assertions="1" time="0.005225"/>
        <testcase name="`Model Relationships Cascade` → it maintains referential integrity" file="tests/Unit/ModelsTest.php::`Model Relationships Cascade` → it maintains referential integrity" class="Tests\Unit\ModelsTest" classname="Tests.Unit.ModelsTest" assertions="4" time="0.006112"/>
      </testsuite>
    </testsuite>
  </testsuite>
</testsuites>
